<?xml version="1.0" encoding="UTF-8"?>
<!-- Generated by org.testng.reporters.JUnitXMLReporter -->
<testsuite ignored="2" hostname="DESKTOP-VS054RB" failures="0" tests="2" name="apihome" time="0.054" errors="0" timestamp="2025-07-31T20:30:43 IST">
  <testcase classname="basics.Day4" name="apiloginhome" time="0.005"/>
  <testcase classname="basics.Day4" name="webloginhome" time="0.005"/>
  <testcase classname="basics.Day4" name="mobilelogouthome" time="0.0">
    <ignored/>
  </testcase> <!-- mobilelogouthome -->
  <testcase classname="basics.Day4" name="mobileloginhome" time="0.0">
    <ignored/>
  </testcase> <!-- mobileloginhome -->
</testsuite> <!-- apihome -->
