<?xml version="1.0" encoding="UTF-8"?>
<!-- Generated by org.testng.reporters.JUnitXMLReporter -->
<testsuite ignored="1" hostname="DESKTOP-VS054RB" failures="1" tests="6" name="intro" time="0.166" errors="0" timestamp="2025-07-31T20:32:05 IST">
  <testcase classname="basics.Test1" name="giri" time="0.026">
    <failure type="java.lang.AssertionError" message="expected [true] but found [false]">
      <![CDATA[java.lang.AssertionError: expected [true] but found [false]
at basics.Test1.giri(Test1.java:39)
at java.base/java.util.ArrayList.forEach(ArrayList.java:1511)
at java.base/java.util.concurrent.FutureTask.run(FutureTask.java:317)
at java.base/java.util.concurrent.ThreadPoolExecutor.runWorker(ThreadPoolExecutor.java:1144)
at java.base/java.util.concurrent.ThreadPoolExecutor$Worker.run(ThreadPoolExecutor.java:642)
at java.base/java.lang.Thread.run(Thread.java:1589)
... Removed 19 stack frames]]>
    </failure>
  </testcase> <!-- giri -->
  <testcase classname="basics.Test1" name="sumi" time="0.008"/>
  <testcase classname="basics.Test1" name="kiyansh" time="0.008"/>
  <testcase classname="basics.Test1" name="kiyansh" time="0.006"/>
  <testcase classname="basics.Test1" name="kiyansh" time="0.003"/>
  <testcase classname="basics.Test1" name="rama" time="0.002"/>
  <testcase classname="basics.Test1" name="nisha" time="0.0">
    <ignored/>
  </testcase> <!-- nisha -->
</testsuite> <!-- intro -->
