<?xml version="1.0" encoding="UTF-8"?>
<!-- Generated by org.testng.reporters.JUnitXMLReporter -->
<testsuite ignored="0" hostname="DESKTOP-VS054RB" failures="0" tests="6" name="loans" time="0.12" errors="0" timestamp="2025-07-21T15:10:56 IST">
  <testcase classname="basics.Day3" name="apilogincar" time="0.009"/>
  <testcase classname="basics.Day3" name="mobilelogincar" time="0.009"/>
  <testcase classname="basics.Day3" name="weblogincar" time="0.004"/>
  <testcase classname="basics.Day4" name="apilogincar" time="0.003"/>
  <testcase classname="basics.Day4" name="mobileloginhome" time="0.011"/>
  <testcase classname="basics.Day4" name="webloginhome" time="0.01"/>
</testsuite> <!-- loans -->
