<?xml version="1.0" encoding="UTF-8"?>
<!-- Generated by org.testng.reporters.JUnitXMLReporter -->
<testsuite ignored="0" hostname="DESKTOP-VS054RB" failures="0" tests="4" name="Test" time="0.114" errors="0" timestamp="2025-07-29T11:34:50 IST">
  <testcase classname="basics.Day1" name="Test1" time="0.013"/>
  <testcase classname="basics.Day1" name="Test2" time="0.006"/>
  <testcase classname="basics.Day2" name="Test1" time="0.006"/>
  <testcase classname="basics.Day2" name="Test2" time="0.004"/>
</testsuite> <!-- Test -->
