<?xml version="1.0" encoding="UTF-8"?>
<!-- Generated by org.testng.reporters.JUnitXMLReporter -->
<testsuite ignored="1" hostname="DESKTOP-VS054RB" failures="0" tests="2" name="webcarloanmobcarloan" time="0.051" errors="0" timestamp="2025-07-21T15:10:56 IST">
  <testcase classname="basics.Day3" name="mobilelogincar" time="0.011"/>
  <testcase classname="basics.Day3" name="weblogincar" time="0.008"/>
  <testcase classname="basics.Day3" name="apilogincar" time="0.0">
    <ignored/>
  </testcase> <!-- apilogincar -->
</testsuite> <!-- webcarloanmobcarloan -->
