<?xml version="1.0" encoding="UTF-8"?>
<!-- Generated by org.testng.reporters.JUnitXMLReporter -->
<testsuite ignored="1" hostname="DESKTOP-VS054RB" failures="0" tests="2" name="webmobcarloan" time="0.161" errors="0" timestamp="2025-07-31T20:30:42 IST">
  <testcase classname="basics.Day3" name="mobilelogincar" time="0.003"/>
  <testcase classname="basics.Day3" name="weblogincar" time="0.004"/>
  <testcase classname="basics.Day3" name="apilogincar" time="0.0">
    <ignored/>
  </testcase> <!-- apilogincar -->
</testsuite> <!-- webmobcarloan -->
